[17:47:58] [ServerMain/INFO]: Environment: Environment[sessionHost=https://sessionserver.mojang.com, servicesHost=https://api.minecraftservices.com, name=PROD]
[17:48:00] [ServerMain/INFO]: Loaded 1290 recipes
[17:48:00] [ServerMain/INFO]: Loaded 1399 advancements
[17:48:00] [Server thread/INFO]: Starting minecraft server version 1.21.1
[17:48:00] [Server thread/INFO]: Loading properties
[17:48:00] [Server thread/INFO]: Default game type: SURVIVAL
[17:48:00] [Server thread/INFO]: Generating keypair
[17:48:00] [Server thread/INFO]: Starting Minecraft server on *:25565
[17:48:01] [Server thread/INFO]: Using epoll channel type
[17:48:01] [Server thread/WARN]: **** SERVER IS RUNNING IN OFFLINE/INSECURE MODE!
[17:48:01] [Server thread/WARN]: The server will make no attempt to authenticate usernames. Beware.
[17:48:01] [Server thread/WARN]: While this makes the game possible to play without internet access, it also opens up the ability for hackers to connect with any username they choose.
[17:48:01] [Server thread/WARN]: To change this, set "online-mode" to "true" in the server.properties file.
[17:48:01] [Server thread/INFO]: Preparing level "world"
[17:48:03] [Server thread/INFO]: Preparing start region for dimension minecraft:overworld
[17:48:03] [Worker-Main-3/INFO]: Preparing spawn area: 0%
[17:48:03] [Server thread/INFO]: Time elapsed: 372 ms
[17:48:03] [Server thread/INFO]: Done (2.881s)! For help, type "help"
[17:56:39] [Server thread/INFO]: Ram_Tz[/172.28.72.140:62752] logged in with entity id 10 at (-996.0854217767883, 61.16390064548797, 1254.2682970769206)
[17:56:39] [Server thread/INFO]: Ram_Tz joined the game
[17:59:24] [Server thread/INFO]: XxMatos15[/172.28.131.63:49327] logged in with entity id 2362 at (-1002.5177993639538, 62.90760825117892, 1260.639610086438)
[17:59:24] [Server thread/INFO]: XxMatos15 joined the game
[17:59:53] [Server thread/INFO]: [Not Secure] <XxMatos15> donde etysas
[18:00:19] [Server thread/INFO]: [XxMatos15: Set own game mode to Creative Mode]
[18:00:21] [Server thread/WARN]: Horse (vehicle of Ram_Tz) moved wrongly! 0.2579355970144661
[18:00:21] [Server thread/WARN]: Horse (vehicle of Ram_Tz) moved wrongly! 0.66660630992601
[18:00:21] [Server thread/WARN]: Horse (vehicle of Ram_Tz) moved wrongly! 1.04166715659062
[18:00:29] [Server thread/INFO]: [Not Secure] <Ram_Tz> pera
[18:00:44] [Server thread/INFO]: [Not Secure] <Ram_Tz> ven vro
[18:01:20] [Server thread/INFO]: [Not Secure] <XxMatos15> a donde
[18:01:23] [Server thread/INFO]: [Not Secure] <Ram_Tz> yepiii
[18:01:38] [Server thread/INFO]: XxMatos15 has reached the goal [Sky's the Limit]
[18:01:48] [Server thread/INFO]: [Not Secure] <Ram_Tz> vro, que haces
[18:01:52] [Server thread/INFO]: [XxMatos15: Set own game mode to Survival Mode]
[18:01:55] [Server thread/INFO]: [Not Secure] <Ram_Tz> eso es trampa
[18:02:05] [Server thread/INFO]: [Not Secure] <XxMatos15> es para encontrarte
[18:02:07] [Server thread/INFO]: [Not Secure] <XxMatos15> donde esztas
[18:02:08] [Server thread/INFO]: XxMatos15 experienced kinetic energy
[18:02:15] [Server thread/INFO]: [XxMatos15: Teleported XxMatos15 to Ram_Tz]
[18:02:18] [Server thread/INFO]: [Not Secure] <XxMatos15> fue
[18:02:24] [Server thread/INFO]: [Not Secure] <Ram_Tz> arriba de Ia estrongo
[18:02:30] [Server thread/INFO]: [XxMatos15: Set own game mode to Creative Mode]
[18:02:30] [Server thread/INFO]: [Not Secure] <Ram_Tz> XDD
[18:02:52] [Server thread/INFO]: [XxMatos15: Set own game mode to Survival Mode]
[18:02:59] [Server thread/INFO]: [Not Secure] <Ram_Tz> es abaYo de acá
[18:03:02] [Server thread/INFO]: [Not Secure] <XxMatos15> escaba
[18:03:12] [Server thread/INFO]: [XxMatos15: Set own game mode to Spectator Mode]
[18:03:51] [Server thread/INFO]: [XxMatos15: Successfully filled 152 block(s)]
[18:04:06] [Server thread/INFO]: [XxMatos15: Successfully filled 23 block(s)]
[18:04:29] [Server thread/INFO]: [XxMatos15: Successfully filled 813 block(s)]
[18:04:43] [Server thread/INFO]: [XxMatos15: Set own game mode to Survival Mode]
[18:04:47] [Server thread/INFO]: [Not Secure] <XxMatos15> vro
[18:05:09] [Server thread/INFO]: [XxMatos15: Set own game mode to Creative Mode]
[18:05:31] [Server thread/INFO]: [XxMatos15: Set own game mode to Survival Mode]
[18:05:40] [Server thread/INFO]: XxMatos15 has made the advancement [Eye Spy]
[18:05:40] [Server thread/INFO]: Ram_Tz has made the advancement [Eye Spy]
[18:07:12] [Server thread/INFO]: [Not Secure] <XxMatos15> ponlo
[18:07:27] [Server thread/INFO]: XxMatos15 has made the advancement [The End?]
[18:07:28] [Server thread/INFO]: Scanning for legacy world dragon fight...
[18:07:28] [Server thread/INFO]: Found that the dragon has not yet been killed in this world.
[18:07:29] [Server thread/WARN]: Can't keep up! Is the server overloaded? Running 2036ms or 40 ticks behind
[18:07:43] [Server thread/INFO]: Ram_Tz has made the advancement [The End?]
